CRITICAL - 2021-11-14 21:00:53 --> Attempt to read property "leave_entitle" on array
#0 D:\xampp\htdocs\SPA\app\Views\cuti\leave-application.php(56): CodeIgniter\Debug\Exceptions->errorHandler(2, 'Attempt to read...', 'D:\\xampp\\htdocs...', 56)
#1 D:\xampp\htdocs\SPA\vendor\codeigniter4\framework\system\View\View.php(214): include('D:\\xampp\\htdocs...')
#2 D:\xampp\htdocs\SPA\vendor\codeigniter4\framework\system\View\View.php(217): CodeIgniter\View\View->CodeIgniter\View\{closure}()
#3 D:\xampp\htdocs\SPA\vendor\codeigniter4\framework\system\Common.php(1092): CodeIgniter\View\View->render('cuti/leave-appl...', Array, true)
#4 D:\xampp\htdocs\SPA\app\Controllers\Cuti.php(208): view('cuti/leave-appl...', Array)
#5 D:\xampp\htdocs\SPA\vendor\codeigniter4\framework\system\CodeIgniter.php(802): App\Controllers\Cuti->leave_application()
#6 D:\xampp\htdocs\SPA\vendor\codeigniter4\framework\system\CodeIgniter.php(399): CodeIgniter\CodeIgniter->runController(Object(App\Controllers\Cuti))
#7 D:\xampp\htdocs\SPA\vendor\codeigniter4\framework\system\CodeIgniter.php(317): CodeIgniter\CodeIgniter->handleRequest(NULL, Object(Config\Cache), false)
#8 D:\xampp\htdocs\SPA\index.php(37): CodeIgniter\CodeIgniter->run()
#9 {main}
CRITICAL - 2021-11-14 21:02:40 --> Attempt to read property "leave_entitle" on array
#0 D:\xampp\htdocs\SPA\app\Views\cuti\leave-application.php(56): CodeIgniter\Debug\Exceptions->errorHandler(2, 'Attempt to read...', 'D:\\xampp\\htdocs...', 56)
#1 D:\xampp\htdocs\SPA\vendor\codeigniter4\framework\system\View\View.php(214): include('D:\\xampp\\htdocs...')
#2 D:\xampp\htdocs\SPA\vendor\codeigniter4\framework\system\View\View.php(217): CodeIgniter\View\View->CodeIgniter\View\{closure}()
#3 D:\xampp\htdocs\SPA\vendor\codeigniter4\framework\system\Common.php(1092): CodeIgniter\View\View->render('cuti/leave-appl...', Array, true)
#4 D:\xampp\htdocs\SPA\app\Controllers\Cuti.php(208): view('cuti/leave-appl...', Array)
#5 D:\xampp\htdocs\SPA\vendor\codeigniter4\framework\system\CodeIgniter.php(802): App\Controllers\Cuti->leave_application()
#6 D:\xampp\htdocs\SPA\vendor\codeigniter4\framework\system\CodeIgniter.php(399): CodeIgniter\CodeIgniter->runController(Object(App\Controllers\Cuti))
#7 D:\xampp\htdocs\SPA\vendor\codeigniter4\framework\system\CodeIgniter.php(317): CodeIgniter\CodeIgniter->handleRequest(NULL, Object(Config\Cache), false)
#8 D:\xampp\htdocs\SPA\index.php(37): CodeIgniter\CodeIgniter->run()
#9 {main}
