ERROR - 2021-10-21 23:30:48 --> Error connecting to the database: Access denied for user ''@'localhost' (using password: NO)
CRITICAL - 2021-10-21 23:30:48 --> Unable to connect to the database.
Main connection [MySQLi]: Access denied for user ''@'localhost' (using password: NO)
#0 D:\xampp\htdocs\SPA\vendor\codeigniter4\framework\system\Database\BaseConnection.php(570): CodeIgniter\Database\BaseConnection->initialize()
#1 D:\xampp\htdocs\SPA\app\Models\employee_mst.php(65): CodeIgniter\Database\BaseConnection->query('SELECT * FROM e...')
#2 D:\xampp\htdocs\SPA\app\Controllers\Login.php(36): App\Models\employee_mst->SelectWhereUserID('sysadmin@tigerp...')
#3 D:\xampp\htdocs\SPA\vendor\codeigniter4\framework\system\CodeIgniter.php(802): App\Controllers\Login->authentication()
#4 D:\xampp\htdocs\SPA\vendor\codeigniter4\framework\system\CodeIgniter.php(399): CodeIgniter\CodeIgniter->runController(Object(App\Controllers\Login))
#5 D:\xampp\htdocs\SPA\vendor\codeigniter4\framework\system\CodeIgniter.php(317): CodeIgniter\CodeIgniter->handleRequest(NULL, Object(Config\Cache), false)
#6 D:\xampp\htdocs\SPA\index.php(37): CodeIgniter\CodeIgniter->run()
#7 {main}
ERROR - 2021-10-21 23:39:02 --> Error connecting to the database: Access denied for user ''@'localhost' (using password: NO)
CRITICAL - 2021-10-21 23:39:02 --> Unable to connect to the database.
Main connection [MySQLi]: Access denied for user ''@'localhost' (using password: NO)
#0 D:\xampp\htdocs\SPA\vendor\codeigniter4\framework\system\Database\BaseConnection.php(570): CodeIgniter\Database\BaseConnection->initialize()
#1 D:\xampp\htdocs\SPA\app\Models\employee_mst.php(65): CodeIgniter\Database\BaseConnection->query('SELECT * FROM e...')
#2 D:\xampp\htdocs\SPA\app\Controllers\Login.php(36): App\Models\employee_mst->SelectWhereUserID('sysadmin@tigerp...')
#3 D:\xampp\htdocs\SPA\vendor\codeigniter4\framework\system\CodeIgniter.php(802): App\Controllers\Login->authentication()
#4 D:\xampp\htdocs\SPA\vendor\codeigniter4\framework\system\CodeIgniter.php(399): CodeIgniter\CodeIgniter->runController(Object(App\Controllers\Login))
#5 D:\xampp\htdocs\SPA\vendor\codeigniter4\framework\system\CodeIgniter.php(317): CodeIgniter\CodeIgniter->handleRequest(NULL, Object(Config\Cache), false)
#6 D:\xampp\htdocs\SPA\index.php(37): CodeIgniter\CodeIgniter->run()
#7 {main}
ERROR - 2021-10-21 23:41:45 --> Error connecting to the database: Access denied for user ''@'localhost' (using password: NO)
CRITICAL - 2021-10-21 23:41:45 --> Unable to connect to the database.
Main connection [MySQLi]: Access denied for user ''@'localhost' (using password: NO)
#0 D:\xampp\htdocs\SPA\vendor\codeigniter4\framework\system\Database\BaseConnection.php(570): CodeIgniter\Database\BaseConnection->initialize()
#1 D:\xampp\htdocs\SPA\app\Models\employee_mst.php(65): CodeIgniter\Database\BaseConnection->query('SELECT * FROM e...')
#2 D:\xampp\htdocs\SPA\app\Controllers\Login.php(36): App\Models\employee_mst->SelectWhereUserID('sysadmin@tigerp...')
#3 D:\xampp\htdocs\SPA\vendor\codeigniter4\framework\system\CodeIgniter.php(802): App\Controllers\Login->authentication()
#4 D:\xampp\htdocs\SPA\vendor\codeigniter4\framework\system\CodeIgniter.php(399): CodeIgniter\CodeIgniter->runController(Object(App\Controllers\Login))
#5 D:\xampp\htdocs\SPA\vendor\codeigniter4\framework\system\CodeIgniter.php(317): CodeIgniter\CodeIgniter->handleRequest(NULL, Object(Config\Cache), false)
#6 D:\xampp\htdocs\SPA\index.php(37): CodeIgniter\CodeIgniter->run()
#7 {main}
ERROR - 2021-10-21 23:41:57 --> Error connecting to the database: Access denied for user ''@'localhost' (using password: NO)
CRITICAL - 2021-10-21 23:41:57 --> Unable to connect to the database.
Main connection [MySQLi]: Access denied for user ''@'localhost' (using password: NO)
#0 D:\xampp\htdocs\SPA\vendor\codeigniter4\framework\system\Database\BaseConnection.php(570): CodeIgniter\Database\BaseConnection->initialize()
#1 D:\xampp\htdocs\SPA\app\Models\employee_mst.php(65): CodeIgniter\Database\BaseConnection->query('SELECT * FROM e...')
#2 D:\xampp\htdocs\SPA\app\Controllers\Login.php(36): App\Models\employee_mst->SelectWhereUserID('sysadmin@tigerp...')
#3 D:\xampp\htdocs\SPA\vendor\codeigniter4\framework\system\CodeIgniter.php(802): App\Controllers\Login->authentication()
#4 D:\xampp\htdocs\SPA\vendor\codeigniter4\framework\system\CodeIgniter.php(399): CodeIgniter\CodeIgniter->runController(Object(App\Controllers\Login))
#5 D:\xampp\htdocs\SPA\vendor\codeigniter4\framework\system\CodeIgniter.php(317): CodeIgniter\CodeIgniter->handleRequest(NULL, Object(Config\Cache), false)
#6 D:\xampp\htdocs\SPA\index.php(37): CodeIgniter\CodeIgniter->run()
#7 {main}
ERROR - 2021-10-21 23:41:59 --> Error connecting to the database: Access denied for user ''@'localhost' (using password: NO)
CRITICAL - 2021-10-21 23:41:59 --> Unable to connect to the database.
Main connection [MySQLi]: Access denied for user ''@'localhost' (using password: NO)
#0 D:\xampp\htdocs\SPA\vendor\codeigniter4\framework\system\Database\BaseConnection.php(570): CodeIgniter\Database\BaseConnection->initialize()
#1 D:\xampp\htdocs\SPA\app\Models\employee_mst.php(65): CodeIgniter\Database\BaseConnection->query('SELECT * FROM e...')
#2 D:\xampp\htdocs\SPA\app\Controllers\Login.php(36): App\Models\employee_mst->SelectWhereUserID(NULL)
#3 D:\xampp\htdocs\SPA\vendor\codeigniter4\framework\system\CodeIgniter.php(802): App\Controllers\Login->authentication()
#4 D:\xampp\htdocs\SPA\vendor\codeigniter4\framework\system\CodeIgniter.php(399): CodeIgniter\CodeIgniter->runController(Object(App\Controllers\Login))
#5 D:\xampp\htdocs\SPA\vendor\codeigniter4\framework\system\CodeIgniter.php(317): CodeIgniter\CodeIgniter->handleRequest(NULL, Object(Config\Cache), false)
#6 D:\xampp\htdocs\SPA\index.php(37): CodeIgniter\CodeIgniter->run()
#7 {main}
